mode: set
update-secrets/cmd/aws_secrets_manager.go:31.47,32.86 1 0
update-secrets/cmd/aws_secrets_manager.go:38.3,38.87 1 0
update-secrets/cmd/aws_secrets_manager.go:43.3,43.101 1 0
update-secrets/cmd/aws_secrets_manager.go:32.86,36.4 3 0
update-secrets/cmd/aws_secrets_manager.go:38.87,41.4 2 0
update-secrets/cmd/aws_secrets_manager.go:48.83,50.39 2 0
update-secrets/cmd/aws_secrets_manager.go:55.2,56.16 2 0
update-secrets/cmd/aws_secrets_manager.go:59.2,68.16 5 0
update-secrets/cmd/aws_secrets_manager.go:71.2,74.16 3 0
update-secrets/cmd/aws_secrets_manager.go:77.2,79.11 2 0
update-secrets/cmd/aws_secrets_manager.go:50.39,53.3 2 0
update-secrets/cmd/aws_secrets_manager.go:56.16,58.3 1 0
update-secrets/cmd/aws_secrets_manager.go:68.16,70.3 1 0
update-secrets/cmd/aws_secrets_manager.go:74.16,76.3 1 0
update-secrets/cmd/aws_secrets_manager.go:79.11,86.17 3 0
update-secrets/cmd/aws_secrets_manager.go:111.3,111.22 1 0
update-secrets/cmd/aws_secrets_manager.go:86.17,87.42 1 0
update-secrets/cmd/aws_secrets_manager.go:109.4,109.10 1 0
update-secrets/cmd/aws_secrets_manager.go:87.42,88.24 1 0
update-secrets/cmd/aws_secrets_manager.go:89.58,90.80 1 0
update-secrets/cmd/aws_secrets_manager.go:91.56,92.78 1 0
update-secrets/cmd/aws_secrets_manager.go:93.55,94.77 1 0
update-secrets/cmd/aws_secrets_manager.go:95.50,96.72 1 0
update-secrets/cmd/aws_secrets_manager.go:97.56,98.78 1 0
update-secrets/cmd/aws_secrets_manager.go:99.58,100.80 1 0
update-secrets/cmd/aws_secrets_manager.go:101.53,102.75 1 0
update-secrets/cmd/aws_secrets_manager.go:103.13,104.31 1 0
update-secrets/cmd/aws_secrets_manager.go:106.10,108.5 1 0
update-secrets/cmd/aws_secrets_manager.go:112.8,120.3 7 0
update-secrets/cmd/aws_secrets_manager.go:123.13,130.2 5 1
update-secrets/cmd/onepassword.go:28.47,29.70 1 0
update-secrets/cmd/onepassword.go:35.3,35.37 1 0
update-secrets/cmd/onepassword.go:44.3,44.36 1 0
update-secrets/cmd/onepassword.go:29.70,33.4 3 0
update-secrets/cmd/onepassword.go:36.15,38.18 2 0
update-secrets/cmd/onepassword.go:41.17,42.113 1 0
update-secrets/cmd/onepassword.go:38.18,40.5 1 0
update-secrets/cmd/onepassword.go:48.78,49.17 1 1
update-secrets/cmd/onepassword.go:53.2,53.11 1 1
update-secrets/cmd/onepassword.go:64.2,64.12 1 1
update-secrets/cmd/onepassword.go:49.17,51.3 1 1
update-secrets/cmd/onepassword.go:53.11,55.31 2 1
update-secrets/cmd/onepassword.go:55.31,57.18 2 1
update-secrets/cmd/onepassword.go:57.18,59.5 1 0
update-secrets/cmd/onepassword.go:61.8,63.3 1 1
update-secrets/cmd/onepassword.go:67.74,69.17 2 0
update-secrets/cmd/onepassword.go:76.2,76.11 1 0
update-secrets/cmd/onepassword.go:69.17,72.3 2 0
update-secrets/cmd/onepassword.go:72.8,74.3 1 0
update-secrets/cmd/onepassword.go:76.11,78.17 2 0
update-secrets/cmd/onepassword.go:78.17,81.4 2 0
update-secrets/cmd/onepassword.go:82.8,84.3 1 0
update-secrets/cmd/onepassword.go:87.87,95.2 7 1
update-secrets/cmd/onepassword.go:97.13,105.2 6 1
update-secrets/cmd/root.go:23.34,29.48 1 1
update-secrets/cmd/root.go:52.2,52.16 1 1
update-secrets/cmd/root.go:29.48,30.114 1 0
update-secrets/cmd/root.go:36.4,36.88 1 0
update-secrets/cmd/root.go:41.4,41.33 1 0
update-secrets/cmd/root.go:48.4,48.102 1 0
update-secrets/cmd/root.go:30.114,34.5 3 0
update-secrets/cmd/root.go:36.88,39.5 2 0
update-secrets/cmd/root.go:42.16,43.92 1 0
update-secrets/cmd/root.go:44.18,45.94 1 0
update-secrets/cmd/root.go:57.16,58.42 1 0
update-secrets/cmd/root.go:58.42,61.3 2 0
update-secrets/cmd/root.go:64.13,72.2 7 1
